<?xml version="1.0" encoding="UTF-8"?>
<!-- Generated by org.testng.reporters.JUnitReportReporter -->
<testsuite skipped="0" hostname="DESKTOP-BPA0BAS" name="com.ucb.nagad.testcases.DynamicContentTcAsif" tests="1" failures="0" timestamp="21 Sep 2021 05:30:58 GMT" time="21.902" errors="0">
  <testcase name="dynamicContentTcAsif" time="21.902" classname="com.ucb.nagad.testcases.DynamicContentTcAsif"/>
</testsuite> <!-- com.ucb.nagad.testcases.DynamicContentTcAsif -->
