<?xml version="1.0" encoding="UTF-8"?>
<!-- Generated by org.testng.reporters.JUnitReportReporter -->
<testsuite skipped="0" hostname="DESKTOP-BPA0BAS" name="com.ucb.nagad.testcases.HorizontalSliderTcAsif" tests="1" failures="0" timestamp="21 Sep 2021 05:30:58 GMT" time="12.789" errors="0">
  <testcase name="horizontalSliderTcAsif" time="12.789" classname="com.ucb.nagad.testcases.HorizontalSliderTcAsif"/>
</testsuite> <!-- com.ucb.nagad.testcases.HorizontalSliderTcAsif -->
