<?xml version="1.0" encoding="UTF-8"?>
<!-- Generated by org.testng.reporters.JUnitReportReporter -->
<testsuite skipped="0" hostname="DESKTOP-BPA0BAS" name="com.ucb.nagad.testcases.ContextMenuTcAsif" tests="1" failures="0" timestamp="21 Sep 2021 05:30:58 GMT" time="29.639" errors="0">
  <testcase name="contextMenuTcAsif" time="29.639" classname="com.ucb.nagad.testcases.ContextMenuTcAsif"/>
</testsuite> <!-- com.ucb.nagad.testcases.ContextMenuTcAsif -->
