<?xml version="1.0" encoding="UTF-8"?>
<testsuite xmlns:xsi="http://www.w3.org/2001/XMLSchema-instance" xsi:schemaLocation="https://maven.apache.org/surefire/maven-surefire-plugin/xsd/surefire-test-report.xsd" name="TestSuite" time="1,035.851" tests="28" errors="0" skipped="0" failures="0">
  <properties>
    <property name="java.runtime.name" value="Java(TM) SE Runtime Environment"/>
    <property name="java.vm.version" value="16+36-2231"/>
    <property name="sun.boot.library.path" value="C:\Program Files\jdk-16_windows-x64_bin\jdk-16\bin"/>
    <property name="maven.multiModuleProjectDirectory" value="G:\Talha\SQA\Github\sqabdautomation\Java\Talha\swaglabs"/>
    <property name="java.vm.vendor" value="Oracle Corporation"/>
    <property name="java.vendor.url" value="https://java.oracle.com/"/>
    <property name="guice.disable.misplaced.annotation.check" value="true"/>
    <property name="path.separator" value=";"/>
    <property name="java.vm.name" value="Java HotSpot(TM) 64-Bit Server VM"/>
    <property name="sun.os.patch.level" value=""/>
    <property name="user.script" value=""/>
    <property name="user.country" value="US"/>
    <property name="sun.java.launcher" value="SUN_STANDARD"/>
    <property name="java.vm.specification.name" value="Java Virtual Machine Specification"/>
    <property name="user.dir" value="G:\Talha\SQA\Github\sqabdautomation\Java\Talha\swaglabs"/>
    <property name="java.vm.compressedOopsMode" value="32-bit"/>
    <property name="java.runtime.version" value="16+36-2231"/>
    <property name="os.arch" value="amd64"/>
    <property name="java.io.tmpdir" value="C:\Users\Talha\AppData\Local\Temp\"/>
    <property name="line.separator" value="&#10;"/>
    <property name="java.vm.specification.vendor" value="Oracle Corporation"/>
    <property name="user.variant" value=""/>
    <property name="os.name" value="Windows 10"/>
    <property name="classworlds.conf" value="C:\Program Files\apache-maven-3.8.1\bin\..\bin\m2.conf"/>
    <property name="sun.jnu.encoding" value="Cp1252"/>
    <property name="java.library.path" value="C:\Program Files\jdk-16_windows-x64_bin\jdk-16\bin;C:\WINDOWS\Sun\Java\bin;C:\WINDOWS\system32;C:\WINDOWS;C:\WINDOWS;C:\WINDOWS\System32\Wbem;C:\WINDOWS\System32\WindowsPowerShell\v1.0\;C:\WINDOWS\System32\OpenSSH\;C:\Program Files\Java\jdk-13.0.2\bin;C:\Program Files (x86)\NVIDIA Corporation\PhysX\Common;C:\Program Files\NVIDIA Corporation\NVIDIA NvDLISR;C:\WINDOWS\system32;C:\WINDOWS;C:\WINDOWS\System32\Wbem;C:\WINDOWS\System32\WindowsPowerShell\v1.0\;C:\WINDOWS\System32\OpenSSH\;C:\Program Files\jdk-16_windows-x64_bin\jdk-16\bin;C:\Program Files\apache-maven-3.8.1\bin;C:\Program Files\Git\cmd;C:\Program Files\noodejs;C:\Users\Talha\AppData\Local\Microsoft\WindowsApps;;C:\Users\Talha\AppData\Local\Programs\Microsoft VS Code\bin;."/>
    <property name="maven.conf" value="C:\Program Files\apache-maven-3.8.1\bin\../conf"/>
    <property name="jdk.debug" value="release"/>
    <property name="java.class.version" value="60.0"/>
    <property name="java.specification.name" value="Java Platform API Specification"/>
    <property name="sun.management.compiler" value="HotSpot 64-Bit Tiered Compilers"/>
    <property name="os.version" value="10.0"/>
    <property name="library.jansi.path" value="C:\Program Files\apache-maven-3.8.1\bin\..\lib\jansi-native"/>
    <property name="user.home" value="C:\Users\Talha"/>
    <property name="user.timezone" value="Asia/Dhaka"/>
    <property name="file.encoding" value="Cp1252"/>
    <property name="java.specification.version" value="16"/>
    <property name="user.name" value="Talha"/>
    <property name="java.class.path" value="C:\Program Files\apache-maven-3.8.1\bin\..\boot\plexus-classworlds-2.6.0.jar"/>
    <property name="java.vm.specification.version" value="16"/>
    <property name="sun.arch.data.model" value="64"/>
    <property name="sun.java.command" value="org.codehaus.plexus.classworlds.launcher.Launcher test"/>
    <property name="java.home" value="C:\Program Files\jdk-16_windows-x64_bin\jdk-16"/>
    <property name="user.language" value="en"/>
    <property name="java.specification.vendor" value="Oracle Corporation"/>
    <property name="java.vm.info" value="mixed mode, sharing"/>
    <property name="java.version" value="16"/>
    <property name="java.vendor" value="Oracle Corporation"/>
    <property name="sun.stderr.encoding" value="cp437"/>
    <property name="maven.home" value="C:\Program Files\apache-maven-3.8.1\bin\.."/>
    <property name="file.separator" value="\"/>
    <property name="java.version.date" value="2021-03-16"/>
    <property name="java.vendor.url.bug" value="https://bugreport.java.com/bugreport/"/>
    <property name="sun.io.unicode.encoding" value="UnicodeLittle"/>
    <property name="sun.cpu.endian" value="little"/>
    <property name="sun.stdout.encoding" value="cp437"/>
    <property name="sun.cpu.isalist" value="amd64"/>
  </properties>
  <testcase name="addRemoveElements" classname="com.saucedemo.swaglabs.testCases.AddRemoveElements" time="21.55"/>
  <testcase name="basicAuth" classname="com.saucedemo.swaglabs.testCases.BasicAuth" time="12.538"/>
  <testcase name="brokenImage" classname="com.saucedemo.swaglabs.testCases.BrokenImage" time="16.251"/>
  <testcase name="checkboxes" classname="com.saucedemo.swaglabs.testCases.Checkboxes" time="10.432"/>
  <testcase name="contextMenu" classname="com.saucedemo.swaglabs.testCases.ContextMenu" time="11.382"/>
  <testcase name="digestAuthentication" classname="com.saucedemo.swaglabs.testCases.DigestAuthentication" time="9.348"/>
  <testcase name="disappearingElements" classname="com.saucedemo.swaglabs.testCases.DisappearingElements" time="28.078"/>
  <testcase name="dragAndDrop" classname="com.saucedemo.swaglabs.testCases.DragAndDrop" time="148.003"/>
  <testcase name="dropDown" classname="com.saucedemo.swaglabs.testCases.DropDown" time="26.784"/>
  <testcase name="dynamicContent" classname="com.saucedemo.swaglabs.testCases.DynamicContent" time="12.577"/>
  <testcase name="dynamicControl" classname="com.saucedemo.swaglabs.testCases.DynamicControl" time="17.499"/>
  <testcase name="fileUpload" classname="com.saucedemo.swaglabs.testCases.FileUpload" time="39.082"/>
  <testcase name="fileDownload" classname="com.saucedemo.swaglabs.testCases.FileDownload" time="14.287"/>
  <testcase name="forgotPassword" classname="com.saucedemo.swaglabs.testCases.ForgotPassword" time="14.11"/>
  <testcase name="formAuth" classname="com.saucedemo.swaglabs.testCases.FormAuth" time="22.969"/>
  <testcase name="horizontalSlider" classname="com.saucedemo.swaglabs.testCases.HorizontalSlider" time="8.385"/>
  <testcase name="iframe" classname="com.saucedemo.swaglabs.testCases.Iframe" time="51.337"/>
  <testcase name="infiniteScroll" classname="com.saucedemo.swaglabs.testCases.InfiniteScroll" time="24.207"/>
  <testcase name="input" classname="com.saucedemo.swaglabs.testCases.Input" time="12.134"/>
  <testcase name="javaScriptAlert" classname="com.saucedemo.swaglabs.testCases.JavaScriptAlert" time="28.619"/>
  <testcase name="mouseHover" classname="com.saucedemo.swaglabs.testCases.MouseHover" time="19.709"/>
  <testcase name="multipleWindows" classname="com.saucedemo.swaglabs.testCases.MultipleWindows" time="20.059"/>
  <testcase name="nestedFrames" classname="com.saucedemo.swaglabs.testCases.NestedFrames" time="19.542"/>
  <testcase name="notificationMessage" classname="com.saucedemo.swaglabs.testCases.NotificationMessage" time="20.573"/>
  <testcase name="redirectLink" classname="com.saucedemo.swaglabs.testCases.RedirectLink" time="58.029"/>
  <testcase name="screenshotOfWebpage" classname="com.saucedemo.swaglabs.testCases.ScreenshotOfWebpage" time="0.796"/>
  <testcase name="screenshotOfAnElement" classname="com.saucedemo.swaglabs.testCases.ScreenshotOfAnElement" time="1.371"/>
  <testcase name="fullPageScreenShot" classname="com.saucedemo.swaglabs.testCases.FullPageScreenShot" time="5.318"/>
</testsuite>