<?xml version="1.0" encoding="UTF-8"?>
<!-- Generated by org.testng.reporters.JUnitReportReporter -->
<testsuite hostname="DESKTOP-JNTJ6TQ" failures="0" tests="1" name="com.brac.bkash.tc.BrokenImages" time="14.108" errors="0" timestamp="08 Jun 2021 18:31:55 GMT" skipped="0">
  <testcase classname="com.brac.bkash.tc.BrokenImages" name="brokenImages" time="14.108"/>
</testsuite> <!-- com.brac.bkash.tc.BrokenImages -->
