<?xml version="1.0" encoding="UTF-8"?>
<!-- Generated by org.testng.reporters.JUnitReportReporter -->
<testsuite hostname="DESKTOP-JNTJ6TQ" failures="0" tests="1" name="com.brac.bkash.tc.AddRemoveElements" time="15.429" errors="0" timestamp="08 Jun 2021 18:31:55 GMT" skipped="0">
  <testcase classname="com.brac.bkash.tc.AddRemoveElements" name="addRemoveElements" time="15.429"/>
</testsuite> <!-- com.brac.bkash.tc.AddRemoveElements -->
