<?xml version="1.0" encoding="UTF-8"?>
<!-- Generated by org.testng.reporters.JUnitReportReporter -->
<testsuite hostname="mds-MacBook-Pro.local" failures="0" tests="1" name="com.brac.bkash.tc.ABTesting" time="10.626" errors="0" timestamp="05 Jun 2021 02:17:53 GMT" skipped="0">
  <testcase classname="com.brac.bkash.tc.ABTesting" name="aBTesting" time="10.626"/>
</testsuite> <!-- com.brac.bkash.tc.ABTesting -->
