<?xml version="1.0" encoding="UTF-8"?>
<!-- Generated by org.testng.reporters.JUnitReportReporter -->
<testsuite hostname="mds-MacBook-Pro.local" failures="0" tests="1" name="com.brac.bkash.tc.UserAbleToValidateCreateNewAccount" time="5.082" errors="0" timestamp="05 Jun 2021 02:17:53 GMT" skipped="0">
  <testcase classname="com.brac.bkash.tc.UserAbleToValidateCreateNewAccount" name="userAbleToValidateCreateNewAccount" time="5.082"/>
</testsuite> <!-- com.brac.bkash.tc.UserAbleToValidateCreateNewAccount -->
