<?xml version="1.0" encoding="UTF-8"?>
<!-- Generated by org.testng.reporters.JUnitReportReporter -->
<testsuite hostname="DESKTOP-UB2UHJP" failures="0" tests="1" name="com.saucedemo.swaglabs.testCases.UserAbleToClickOnForgetPassword" time="17.680" errors="0" timestamp="10 Jun 2021 20:10:19 GMT" skipped="0">
  <testcase classname="com.saucedemo.swaglabs.testCases.UserAbleToClickOnForgetPassword" name="userAbleToClickOnForgetPassword" time="17.680"/>
</testsuite> <!-- com.saucedemo.swaglabs.testCases.UserAbleToClickOnForgetPassword -->
