<?xml version="1.0" encoding="UTF-8"?>
<!-- Generated by org.testng.reporters.JUnitReportReporter -->
<testsuite hostname="DESKTOP-UB2UHJP" failures="0" tests="1" name="com.saucedemo.swaglabs.testCases.FormAuth" time="32.303" errors="0" timestamp="21 Sep 2021 17:39:35 GMT" skipped="0">
  <testcase classname="com.saucedemo.swaglabs.testCases.FormAuth" name="formAuth" time="32.303"/>
</testsuite> <!-- com.saucedemo.swaglabs.testCases.FormAuth -->
