<?xml version="1.0" encoding="UTF-8"?>
<!-- Generated by org.testng.reporters.JUnitReportReporter -->
<testsuite hostname="DESKTOP-UB2UHJP" failures="0" tests="1" name="com.saucedemo.swaglabs.testCases.NotificationMessage" time="28.743" errors="0" timestamp="21 Sep 2021 17:39:35 GMT" skipped="0">
  <testcase classname="com.saucedemo.swaglabs.testCases.NotificationMessage" name="notificationMessage" time="28.743"/>
</testsuite> <!-- com.saucedemo.swaglabs.testCases.NotificationMessage -->
