<?xml version="1.0" encoding="UTF-8"?>
<!-- Generated by org.testng.reporters.JUnitReportReporter -->
<testsuite hostname="DESKTOP-UB2UHJP" failures="0" tests="1" name="com.saucedemo.swaglabs.testCases.UserAbleToClickOnLoginSwagLabs" time="18.334" errors="0" timestamp="10 Jun 2021 20:10:19 GMT" skipped="0">
  <testcase classname="com.saucedemo.swaglabs.testCases.UserAbleToClickOnLoginSwagLabs" name="userAbleToClickOnLoginSwagLabs" time="18.334"/>
</testsuite> <!-- com.saucedemo.swaglabs.testCases.UserAbleToClickOnLoginSwagLabs -->
