<?xml version="1.0" encoding="UTF-8"?>
<!-- Generated by org.testng.reporters.JUnitReportReporter -->
<testsuite hostname="mds-MacBook-Pro.local" failures="0" tests="1" name="com.brac.bkashApi.tc.ListUserEndPointValidation" time="1.605" errors="0" timestamp="19 Jun 2021 01:49:56 GMT">
  <testcase classname="com.brac.bkashApi.tc.ListUserEndPointValidation" name="listUserEndPointValidation" time="1.605"/>
</testsuite> <!-- com.brac.bkashApi.tc.ListUserEndPointValidation -->
